2022-07-12 09:52:53,651 - C:/Users/ivan.zhao/PycharmProjects/linux_atserver/linux_atserver.py[line:69] - INFO: ('192.168.1.41', 64337) connected
2022-07-12 09:52:53,651 - C:/Users/ivan.zhao/PycharmProjects/linux_atserver/linux_atserver.py[line:75] - INFO: receive data   ':DOC:CONFIG \r\n'
2022-07-12 09:52:53,654 - C:/Users/ivan.zhao/PycharmProjects/linux_atserver/linux_atserver.py[line:75] - INFO: receive data   ''
2022-07-12 09:56:02,663 - C:/Users/ivan.zhao/PycharmProjects/linux_atserver/linux_atserver.py[line:69] - INFO: ('192.168.1.41', 64358) connected
2022-07-12 09:56:02,663 - C:/Users/ivan.zhao/PycharmProjects/linux_atserver/linux_atserver.py[line:75] - INFO: receive data   ':DOC:CONFIG \r\n'
2022-07-12 09:56:02,665 - C:/Users/ivan.zhao/PycharmProjects/linux_atserver/linux_atserver.py[line:75] - INFO: receive data   ''
2022-07-12 10:38:06,855 - C:/Users/ivan.zhao/PycharmProjects/linux_atserver/linux_atserver.py[line:69] - INFO: ('192.168.1.41', 57563) connected
2022-07-12 10:38:06,855 - C:/Users/ivan.zhao/PycharmProjects/linux_atserver/linux_atserver.py[line:75] - INFO: receive data   ':DOC:CONFIG \r\n'
2022-07-12 10:38:06,858 - C:/Users/ivan.zhao/PycharmProjects/linux_atserver/linux_atserver.py[line:75] - INFO: receive data   ':DOC:COPY F:\\file_path\\555.txt F:\\1\\555.txt\r\n'
2022-07-12 10:38:37,888 - C:/Users/ivan.zhao/PycharmProjects/linux_atserver/linux_atserver.py[line:75] - INFO: receive data   ''
2022-07-12 10:42:13,382 - C:/Users/ivan.zhao/PycharmProjects/linux_atserver/linux_atserver.py[line:70] - INFO: ('192.168.1.41', 57587) connected
2022-07-12 10:42:13,382 - C:/Users/ivan.zhao/PycharmProjects/linux_atserver/linux_atserver.py[line:76] - INFO: receive data   ':DOC:CONFIG \r\n'
2022-07-12 10:42:13,384 - C:/Users/ivan.zhao/PycharmProjects/linux_atserver/linux_atserver.py[line:76] - INFO: receive data   ':DOC:COPY F:\\file_path\\555.txt F:\\1\\555.txt\r\n'
2022-07-12 10:42:13,397 - C:/Users/ivan.zhao/PycharmProjects/linux_atserver/linux_atserver.py[line:76] - INFO: receive data   ''
2022-07-12 10:42:37,374 - C:/Users/ivan.zhao/PycharmProjects/linux_atserver/linux_atserver.py[line:70] - INFO: ('192.168.1.41', 57588) connected
2022-07-12 10:42:37,374 - C:/Users/ivan.zhao/PycharmProjects/linux_atserver/linux_atserver.py[line:76] - INFO: receive data   ':DOC:CONFIG \r\n'
2022-07-12 10:42:37,377 - C:/Users/ivan.zhao/PycharmProjects/linux_atserver/linux_atserver.py[line:76] - INFO: receive data   ':DOC:COPY F:\\file_path\\666.txt F:\\1\\666.txt\r\n'
2022-07-12 10:42:37,391 - C:/Users/ivan.zhao/PycharmProjects/linux_atserver/linux_atserver.py[line:76] - INFO: receive data   ''
2022-07-12 10:43:00,453 - C:/Users/ivan.zhao/PycharmProjects/linux_atserver/linux_atserver.py[line:70] - INFO: ('192.168.1.41', 57595) connected
2022-07-12 10:43:00,453 - C:/Users/ivan.zhao/PycharmProjects/linux_atserver/linux_atserver.py[line:76] - INFO: receive data   ':DOC:CONFIG \r\n'
2022-07-12 10:43:00,453 - C:/Users/ivan.zhao/PycharmProjects/linux_atserver/linux_atserver.py[line:76] - INFO: receive data   ':DOC:COPY F:\\file_path\\666.txt F:\\1\\666.txt\r\n'
2022-07-12 10:43:00,467 - C:/Users/ivan.zhao/PycharmProjects/linux_atserver/linux_atserver.py[line:76] - INFO: receive data   ''
2022-07-12 10:44:15,164 - C:/Users/ivan.zhao/PycharmProjects/linux_atserver/linux_atserver.py[line:70] - INFO: ('192.168.1.41', 57598) connected
2022-07-12 10:44:15,164 - C:/Users/ivan.zhao/PycharmProjects/linux_atserver/linux_atserver.py[line:76] - INFO: receive data   ':DOC:CONFIG \r\n'
2022-07-12 10:44:15,165 - C:/Users/ivan.zhao/PycharmProjects/linux_atserver/linux_atserver.py[line:76] - INFO: receive data   ':DOC:COPY F:\\file_path\\666.txt F:\\1\\666.txt\r\n'
2022-07-12 10:44:15,177 - C:/Users/ivan.zhao/PycharmProjects/linux_atserver/linux_atserver.py[line:76] - INFO: receive data   ':DOC:MOVE F:\\file_path\\666.txt F:\\1\\666.txt\r\n'
2022-07-12 10:44:15,198 - C:/Users/ivan.zhao/PycharmProjects/linux_atserver/linux_atserver.py[line:76] - INFO: receive data   ''
2022-07-12 10:44:31,354 - C:/Users/ivan.zhao/PycharmProjects/linux_atserver/linux_atserver.py[line:70] - INFO: ('192.168.1.41', 57600) connected
2022-07-12 10:44:31,354 - C:/Users/ivan.zhao/PycharmProjects/linux_atserver/linux_atserver.py[line:76] - INFO: receive data   ':DOC:CONFIG \r\n'
2022-07-12 10:44:31,355 - C:/Users/ivan.zhao/PycharmProjects/linux_atserver/linux_atserver.py[line:76] - INFO: receive data   ':DOC:COPY F:\\file_path\\666.txt F:\\1\\666.txt\r\n'
2022-07-12 10:44:44,913 - C:/Users/ivan.zhao/PycharmProjects/linux_atserver/linux_atserver.py[line:70] - INFO: ('192.168.1.41', 57603) connected
2022-07-12 10:44:44,913 - C:/Users/ivan.zhao/PycharmProjects/linux_atserver/linux_atserver.py[line:76] - INFO: receive data   ':DOC:CONFIG \r\n'
2022-07-12 10:44:44,914 - C:/Users/ivan.zhao/PycharmProjects/linux_atserver/linux_atserver.py[line:76] - INFO: receive data   ':DOC:MOVE F:\\file_path\\555.txt F:\\1\\555.txt\r\n'
2022-07-12 10:44:44,927 - C:/Users/ivan.zhao/PycharmProjects/linux_atserver/linux_atserver.py[line:76] - INFO: receive data   ''
2022-07-12 10:50:13,936 - C:/Users/ivan.zhao/PycharmProjects/linux_atserver/linux_atserver.py[line:70] - INFO: ('192.168.1.41', 57662) connected
2022-07-12 10:50:13,936 - C:/Users/ivan.zhao/PycharmProjects/linux_atserver/linux_atserver.py[line:76] - INFO: receive data   ':DOC:CONFIG \r\n'
2022-07-12 10:50:13,937 - C:/Users/ivan.zhao/PycharmProjects/linux_atserver/linux_atserver.py[line:76] - INFO: receive data   ':DOC:DEL F:\\1\\555.txt\r\n'
2022-07-12 10:50:13,947 - C:/Users/ivan.zhao/PycharmProjects/linux_atserver/linux_atserver.py[line:76] - INFO: receive data   ''
2022-07-12 10:50:22,278 - C:/Users/ivan.zhao/PycharmProjects/linux_atserver/linux_atserver.py[line:70] - INFO: ('192.168.1.41', 57663) connected
2022-07-12 10:50:22,279 - C:/Users/ivan.zhao/PycharmProjects/linux_atserver/linux_atserver.py[line:76] - INFO: receive data   ':DOC:CONFIG \r\n'
2022-07-12 10:50:22,279 - C:/Users/ivan.zhao/PycharmProjects/linux_atserver/linux_atserver.py[line:76] - INFO: receive data   ':DOC:DEL F:\\1\\666.txt\r\n'
2022-07-12 10:50:22,289 - C:/Users/ivan.zhao/PycharmProjects/linux_atserver/linux_atserver.py[line:76] - INFO: receive data   ''
2022-07-12 10:54:18,069 - C:/Users/ivan.zhao/PycharmProjects/linux_atserver/linux_atserver.py[line:70] - INFO: ('192.168.1.41', 57705) connected
2022-07-12 10:54:18,071 - C:/Users/ivan.zhao/PycharmProjects/linux_atserver/linux_atserver.py[line:76] - INFO: receive data   ':RDSP:DISEQC_DATA\r\n'
2022-07-12 10:54:24,591 - C:/Users/ivan.zhao/PycharmProjects/linux_atserver/linux_atserver.py[line:76] - INFO: receive data   ''
2022-07-12 10:55:03,444 - C:/Users/ivan.zhao/PycharmProjects/linux_atserver/linux_atserver.py[line:70] - INFO: ('192.168.1.41', 57708) connected
2022-07-12 10:55:03,444 - C:/Users/ivan.zhao/PycharmProjects/linux_atserver/linux_atserver.py[line:76] - INFO: receive data   ':RDSP:DISEQC_DATA\r\n'
2022-07-12 10:55:25,969 - C:/Users/ivan.zhao/PycharmProjects/linux_atserver/linux_atserver.py[line:76] - INFO: receive data   ''
2022-07-12 10:55:53,316 - C:/Users/ivan.zhao/PycharmProjects/linux_atserver/linux_atserver.py[line:70] - INFO: ('192.168.1.41', 57712) connected
2022-07-12 10:55:53,316 - C:/Users/ivan.zhao/PycharmProjects/linux_atserver/linux_atserver.py[line:76] - INFO: receive data   ':RDSP:DISEQC_DATA\r\n'
2022-07-12 10:55:58,838 - C:/Users/ivan.zhao/PycharmProjects/linux_atserver/linux_atserver.py[line:76] - INFO: receive data   ''
2022-07-12 10:56:08,236 - C:/Users/ivan.zhao/PycharmProjects/linux_atserver/linux_atserver.py[line:70] - INFO: ('192.168.1.41', 57714) connected
2022-07-12 10:56:08,236 - C:/Users/ivan.zhao/PycharmProjects/linux_atserver/linux_atserver.py[line:76] - INFO: receive data   ':RDSP:DISEQC_DATA\r\n'
2022-07-12 10:56:11,765 - C:/Users/ivan.zhao/PycharmProjects/linux_atserver/linux_atserver.py[line:76] - INFO: receive data   ''
2022-07-12 10:57:18,881 - C:/Users/ivan.zhao/PycharmProjects/linux_atserver/linux_atserver.py[line:70] - INFO: ('192.168.1.154', 57858) connected
2022-07-12 10:57:18,881 - C:/Users/ivan.zhao/PycharmProjects/linux_atserver/linux_atserver.py[line:76] - INFO: receive data   ':DOC:CONFIG \r\n'
2022-07-12 10:57:18,901 - C:/Users/ivan.zhao/PycharmProjects/linux_atserver/linux_atserver.py[line:76] - INFO: receive data   ':RDS:USB_NONE \r\n'
2022-07-12 10:57:21,404 - C:/Users/ivan.zhao/PycharmProjects/linux_atserver/linux_atserver.py[line:76] - INFO: receive data   ':DOC:CONFIG \r\n'
2022-07-12 10:57:50,773 - C:/Users/ivan.zhao/PycharmProjects/linux_atserver/linux_atserver.py[line:76] - INFO: receive data   ':RDSP:DISEQC_DATA\r\n'
2022-07-12 10:58:24,197 - C:/Users/ivan.zhao/PycharmProjects/linux_atserver/linux_atserver.py[line:76] - INFO: receive data   ''
2022-07-12 11:02:49,509 - C:/Users/ivan.zhao/PycharmProjects/linux_atserver/linux_atserver.py[line:70] - INFO: ('192.168.1.154', 55230) connected
2022-07-12 11:02:49,509 - C:/Users/ivan.zhao/PycharmProjects/linux_atserver/linux_atserver.py[line:76] - INFO: receive data   ':DOC:CONFIG \r\n'
2022-07-12 11:02:49,525 - C:/Users/ivan.zhao/PycharmProjects/linux_atserver/linux_atserver.py[line:76] - INFO: receive data   ':RDS:USB_NONE \r\n'
2022-07-12 11:02:52,029 - C:/Users/ivan.zhao/PycharmProjects/linux_atserver/linux_atserver.py[line:76] - INFO: receive data   ':DOC:CONFIG \r\n'
2022-07-12 11:03:06,408 - C:/Users/ivan.zhao/PycharmProjects/linux_atserver/linux_atserver.py[line:76] - INFO: receive data   ':RDSP:DISEQC_DATA\r\n'
2022-07-12 11:03:40,328 - C:/Users/ivan.zhao/PycharmProjects/linux_atserver/linux_atserver.py[line:76] - INFO: receive data   ''
2022-07-12 11:06:36,309 - C:/Users/ivan.zhao/PycharmProjects/linux_atserver/linux_atserver.py[line:70] - INFO: ('192.168.1.154', 53765) connected
2022-07-12 11:06:36,309 - C:/Users/ivan.zhao/PycharmProjects/linux_atserver/linux_atserver.py[line:76] - INFO: receive data   ':DOC:CONFIG \r\n'
2022-07-12 11:06:36,335 - C:/Users/ivan.zhao/PycharmProjects/linux_atserver/linux_atserver.py[line:76] - INFO: receive data   ':RDS:USB_NONE \r\n'
2022-07-12 11:06:38,838 - C:/Users/ivan.zhao/PycharmProjects/linux_atserver/linux_atserver.py[line:76] - INFO: receive data   ':DOC:CONFIG \r\n'
2022-07-12 11:06:53,081 - C:/Users/ivan.zhao/PycharmProjects/linux_atserver/linux_atserver.py[line:76] - INFO: receive data   ':RDSP:DISEQC_DATA\r\n'
2022-07-12 11:07:10,670 - C:/Users/ivan.zhao/PycharmProjects/linux_atserver/linux_atserver.py[line:76] - INFO: receive data   ':RDSP:DISEQC_DATA\r\n'
2022-07-12 11:08:33,523 - C:/Users/ivan.zhao/PycharmProjects/linux_atserver/linux_atserver.py[line:76] - INFO: receive data   ':RDSP:DISEQC_DATA\r\n'
2022-07-12 11:08:37,028 - C:/Users/ivan.zhao/PycharmProjects/linux_atserver/linux_atserver.py[line:76] - INFO: receive data   ':RDSP:DISEQC_DATA\r\n'
2022-07-12 11:08:51,242 - C:/Users/ivan.zhao/PycharmProjects/linux_atserver/linux_atserver.py[line:76] - INFO: receive data   ':RDSP:DISEQC_DATA\r\n'
2022-07-12 11:11:34,838 - C:/Users/ivan.zhao/PycharmProjects/linux_atserver/linux_atserver.py[line:76] - INFO: receive data   ':RDSP:DISEQC_DATA\r\n'
2022-07-12 11:11:52,513 - C:/Users/ivan.zhao/PycharmProjects/linux_atserver/linux_atserver.py[line:76] - INFO: receive data   ':RDSP:DISEQC_DATA\r\n'
2022-07-12 11:13:28,661 - C:/Users/ivan.zhao/PycharmProjects/linux_atserver/linux_atserver.py[line:76] - INFO: receive data   ''
2022-07-12 11:16:44,638 - C:/Users/ivan.zhao/PycharmProjects/linux_atserver/linux_atserver.py[line:70] - INFO: ('192.168.1.154', 42704) connected
2022-07-12 11:16:44,638 - C:/Users/ivan.zhao/PycharmProjects/linux_atserver/linux_atserver.py[line:76] - INFO: receive data   ':DOC:CONFIG \r\n'
2022-07-12 11:16:45,266 - C:/Users/ivan.zhao/PycharmProjects/linux_atserver/linux_atserver.py[line:76] - INFO: receive data   ''
2022-07-12 11:17:27,983 - C:/Users/ivan.zhao/PycharmProjects/linux_atserver/linux_atserver.py[line:70] - INFO: ('192.168.1.154', 52867) connected
2022-07-12 11:17:27,983 - C:/Users/ivan.zhao/PycharmProjects/linux_atserver/linux_atserver.py[line:76] - INFO: receive data   ':DOC:CONFIG \r\n'
2022-07-12 11:17:28,582 - C:/Users/ivan.zhao/PycharmProjects/linux_atserver/linux_atserver.py[line:76] - INFO: receive data   ''
2022-07-12 11:18:41,065 - C:/Users/ivan.zhao/PycharmProjects/linux_atserver/linux_atserver.py[line:70] - INFO: ('192.168.1.154', 35399) connected
2022-07-12 11:18:41,065 - C:/Users/ivan.zhao/PycharmProjects/linux_atserver/linux_atserver.py[line:76] - INFO: receive data   ':DOC:CONFIG \r\n'
2022-07-12 11:18:41,084 - C:/Users/ivan.zhao/PycharmProjects/linux_atserver/linux_atserver.py[line:76] - INFO: receive data   ':RDS:USB_NONE \r\n'
2022-07-12 11:18:43,586 - C:/Users/ivan.zhao/PycharmProjects/linux_atserver/linux_atserver.py[line:76] - INFO: receive data   ':DOC:CONFIG \r\n'
2022-07-12 11:19:01,446 - C:/Users/ivan.zhao/PycharmProjects/linux_atserver/linux_atserver.py[line:76] - INFO: receive data   ':RDSP:DISEQC_DATA\r\n'
2022-07-12 11:19:18,782 - C:/Users/ivan.zhao/PycharmProjects/linux_atserver/linux_atserver.py[line:76] - INFO: receive data   ':RDSP:DISEQC_DATA\r\n'
2022-07-12 11:20:41,971 - C:/Users/ivan.zhao/PycharmProjects/linux_atserver/linux_atserver.py[line:76] - INFO: receive data   ':RDSP:DISEQC_DATA\r\n'
2022-07-12 11:20:59,484 - C:/Users/ivan.zhao/PycharmProjects/linux_atserver/linux_atserver.py[line:76] - INFO: receive data   ':RDSP:DISEQC_DATA\r\n'
2022-07-12 11:22:25,980 - C:/Users/ivan.zhao/PycharmProjects/linux_atserver/linux_atserver.py[line:76] - INFO: receive data   ':RDSP:DISEQC_DATA\r\n'
2022-07-12 11:22:28,983 - C:/Users/ivan.zhao/PycharmProjects/linux_atserver/linux_atserver.py[line:76] - INFO: receive data   ':RDSP:DISEQC_DATA\r\n'
2022-07-12 11:22:43,371 - C:/Users/ivan.zhao/PycharmProjects/linux_atserver/linux_atserver.py[line:76] - INFO: receive data   ':RDSP:DISEQC_DATA\r\n'
2022-07-12 11:24:06,509 - C:/Users/ivan.zhao/PycharmProjects/linux_atserver/linux_atserver.py[line:76] - INFO: receive data   ':RDSP:DISEQC_DATA\r\n'
2022-07-12 11:30:01,969 - C:/Users/ivan.zhao/PycharmProjects/linux_atserver/linux_atserver.py[line:70] - INFO: ('192.168.1.154', 33176) connected
2022-07-12 11:30:01,970 - C:/Users/ivan.zhao/PycharmProjects/linux_atserver/linux_atserver.py[line:76] - INFO: receive data   ':DOC:CONFIG \r\n'
2022-07-12 11:30:02,000 - C:/Users/ivan.zhao/PycharmProjects/linux_atserver/linux_atserver.py[line:76] - INFO: receive data   ':RDS:USB_NONE \r\n'
2022-07-12 11:30:04,506 - C:/Users/ivan.zhao/PycharmProjects/linux_atserver/linux_atserver.py[line:76] - INFO: receive data   ':DOC:CONFIG \r\n'
2022-07-12 11:30:09,555 - C:/Users/ivan.zhao/PycharmProjects/linux_atserver/linux_atserver.py[line:76] - INFO: receive data   ':RDS:POWER_OFF \r\n'
2022-07-12 11:30:12,058 - C:/Users/ivan.zhao/PycharmProjects/linux_atserver/linux_atserver.py[line:76] - INFO: receive data   ':RDS:POWER_ON \r\n'
2022-07-12 11:30:54,105 - C:/Users/ivan.zhao/PycharmProjects/linux_atserver/linux_atserver.py[line:76] - INFO: receive data   ':RDSP:DISEQC_DATA\r\n'
2022-07-12 11:31:11,690 - C:/Users/ivan.zhao/PycharmProjects/linux_atserver/linux_atserver.py[line:76] - INFO: receive data   ':RDSP:DISEQC_DATA\r\n'
2022-07-12 11:32:34,948 - C:/Users/ivan.zhao/PycharmProjects/linux_atserver/linux_atserver.py[line:76] - INFO: receive data   ':RDSP:DISEQC_DATA\r\n'
2022-07-12 11:37:00,401 - C:/Users/ivan.zhao/PycharmProjects/linux_atserver/linux_atserver.py[line:70] - INFO: ('192.168.1.154', 48569) connected
2022-07-12 11:37:00,401 - C:/Users/ivan.zhao/PycharmProjects/linux_atserver/linux_atserver.py[line:76] - INFO: receive data   ':DOC:CONFIG \r\n'
2022-07-12 11:37:00,420 - C:/Users/ivan.zhao/PycharmProjects/linux_atserver/linux_atserver.py[line:76] - INFO: receive data   ':RDS:USB_NONE \r\n'
2022-07-12 11:37:02,923 - C:/Users/ivan.zhao/PycharmProjects/linux_atserver/linux_atserver.py[line:76] - INFO: receive data   ':DOC:CONFIG \r\n'
2022-07-12 11:37:07,944 - C:/Users/ivan.zhao/PycharmProjects/linux_atserver/linux_atserver.py[line:76] - INFO: receive data   ':RDS:POWER_OFF \r\n'
2022-07-12 11:37:10,447 - C:/Users/ivan.zhao/PycharmProjects/linux_atserver/linux_atserver.py[line:76] - INFO: receive data   ':RDS:POWER_ON \r\n'
2022-07-12 11:37:48,930 - C:/Users/ivan.zhao/PycharmProjects/linux_atserver/linux_atserver.py[line:76] - INFO: receive data   ':RDSP:DISEQC_DATA\r\n'
2022-07-12 11:37:51,933 - C:/Users/ivan.zhao/PycharmProjects/linux_atserver/linux_atserver.py[line:76] - INFO: receive data   ':RDSP:STB_HW_DATA\r\n'
2022-07-12 11:37:52,437 - C:/Users/ivan.zhao/PycharmProjects/linux_atserver/linux_atserver.py[line:76] - INFO: receive data   ':RDSP:DISEQC_DATA\r\n'
2022-07-12 11:37:53,938 - C:/Users/ivan.zhao/PycharmProjects/linux_atserver/linux_atserver.py[line:76] - INFO: receive data   ':RDSP:STB_HW_DATA\r\n'
2022-07-12 11:37:54,803 - C:/Users/ivan.zhao/PycharmProjects/linux_atserver/linux_atserver.py[line:76] - INFO: receive data   ''
2022-07-12 11:45:33,095 - C:/Users/ivan.zhao/PycharmProjects/linux_atserver/linux_atserver.py[line:70] - INFO: ('192.168.1.154', 42871) connected
2022-07-12 11:45:33,095 - C:/Users/ivan.zhao/PycharmProjects/linux_atserver/linux_atserver.py[line:76] - INFO: receive data   ':DOC:CONFIG \r\n'
2022-07-12 11:45:33,111 - C:/Users/ivan.zhao/PycharmProjects/linux_atserver/linux_atserver.py[line:76] - INFO: receive data   ':RDS:USB_NONE \r\n'
2022-07-12 11:45:35,614 - C:/Users/ivan.zhao/PycharmProjects/linux_atserver/linux_atserver.py[line:76] - INFO: receive data   ':DOC:CONFIG \r\n'
2022-07-12 11:45:40,734 - C:/Users/ivan.zhao/PycharmProjects/linux_atserver/linux_atserver.py[line:76] - INFO: receive data   ':RDS:POWER_OFF \r\n'
2022-07-12 11:45:43,237 - C:/Users/ivan.zhao/PycharmProjects/linux_atserver/linux_atserver.py[line:76] - INFO: receive data   ':RDS:POWER_ON \r\n'
2022-07-12 11:46:18,196 - C:/Users/ivan.zhao/PycharmProjects/linux_atserver/linux_atserver.py[line:76] - INFO: receive data   ':RDSP:DISEQC_DATA\r\n'
2022-07-12 11:46:35,861 - C:/Users/ivan.zhao/PycharmProjects/linux_atserver/linux_atserver.py[line:76] - INFO: receive data   ':RDSP:DISEQC_DATA\r\n'
2022-07-12 11:47:58,927 - C:/Users/ivan.zhao/PycharmProjects/linux_atserver/linux_atserver.py[line:76] - INFO: receive data   ':RDSP:DISEQC_DATA\r\n'
2022-07-12 11:48:16,311 - C:/Users/ivan.zhao/PycharmProjects/linux_atserver/linux_atserver.py[line:76] - INFO: receive data   ':RDSP:DISEQC_DATA\r\n'
2022-07-12 11:48:51,413 - C:/Users/ivan.zhao/PycharmProjects/linux_atserver/linux_atserver.py[line:76] - INFO: receive data   ''
2022-07-12 11:52:53,608 - C:/Users/ivan.zhao/PycharmProjects/linux_atserver/linux_atserver.py[line:70] - INFO: ('192.168.1.154', 49362) connected
2022-07-12 11:52:53,608 - C:/Users/ivan.zhao/PycharmProjects/linux_atserver/linux_atserver.py[line:76] - INFO: receive data   ':DOC:CONFIG \r\n'
2022-07-12 11:52:53,624 - C:/Users/ivan.zhao/PycharmProjects/linux_atserver/linux_atserver.py[line:76] - INFO: receive data   ':RDS:USB_NONE \r\n'
2022-07-12 11:52:56,125 - C:/Users/ivan.zhao/PycharmProjects/linux_atserver/linux_atserver.py[line:76] - INFO: receive data   ':DOC:CONFIG \r\n'
2022-07-12 11:53:13,779 - C:/Users/ivan.zhao/PycharmProjects/linux_atserver/linux_atserver.py[line:76] - INFO: receive data   ':RDSP:DISEQC_DATA\r\n'
2022-07-12 11:53:31,178 - C:/Users/ivan.zhao/PycharmProjects/linux_atserver/linux_atserver.py[line:76] - INFO: receive data   ':RDSP:DISEQC_DATA\r\n'
2022-07-12 11:54:53,953 - C:/Users/ivan.zhao/PycharmProjects/linux_atserver/linux_atserver.py[line:76] - INFO: receive data   ':RDSP:DISEQC_DATA\r\n'
2022-07-12 11:55:11,568 - C:/Users/ivan.zhao/PycharmProjects/linux_atserver/linux_atserver.py[line:76] - INFO: receive data   ':RDSP:DISEQC_DATA\r\n'
2022-07-12 11:56:38,553 - C:/Users/ivan.zhao/PycharmProjects/linux_atserver/linux_atserver.py[line:76] - INFO: receive data   ':RDSP:DISEQC_DATA\r\n'
2022-07-12 11:56:56,382 - C:/Users/ivan.zhao/PycharmProjects/linux_atserver/linux_atserver.py[line:76] - INFO: receive data   ':RDSP:DISEQC_DATA\r\n'
2022-07-12 11:58:19,671 - C:/Users/ivan.zhao/PycharmProjects/linux_atserver/linux_atserver.py[line:76] - INFO: receive data   ':RDSP:DISEQC_DATA\r\n'
2022-07-12 11:58:37,252 - C:/Users/ivan.zhao/PycharmProjects/linux_atserver/linux_atserver.py[line:76] - INFO: receive data   ':RDSP:DISEQC_DATA\r\n'
2022-07-12 12:00:07,397 - C:/Users/ivan.zhao/PycharmProjects/linux_atserver/linux_atserver.py[line:76] - INFO: receive data   ':RDSP:DISEQC_DATA\r\n'
2022-07-12 12:00:25,194 - C:/Users/ivan.zhao/PycharmProjects/linux_atserver/linux_atserver.py[line:76] - INFO: receive data   ':RDSP:DISEQC_DATA\r\n'
2022-07-12 12:01:48,240 - C:/Users/ivan.zhao/PycharmProjects/linux_atserver/linux_atserver.py[line:76] - INFO: receive data   ':RDSP:DISEQC_DATA\r\n'
2022-07-12 12:02:05,858 - C:/Users/ivan.zhao/PycharmProjects/linux_atserver/linux_atserver.py[line:76] - INFO: receive data   ':RDSP:DISEQC_DATA\r\n'
2022-07-12 12:02:48,285 - C:/Users/ivan.zhao/PycharmProjects/linux_atserver/linux_atserver.py[line:76] - INFO: receive data   ''
2022-07-12 12:03:19,173 - C:/Users/ivan.zhao/PycharmProjects/linux_atserver/linux_atserver.py[line:70] - INFO: ('192.168.1.154', 34903) connected
2022-07-12 12:03:19,173 - C:/Users/ivan.zhao/PycharmProjects/linux_atserver/linux_atserver.py[line:76] - INFO: receive data   ':DOC:CONFIG \r\n'
2022-07-12 12:03:19,183 - C:/Users/ivan.zhao/PycharmProjects/linux_atserver/linux_atserver.py[line:76] - INFO: receive data   ':RDS:USB_NONE \r\n'
2022-07-12 12:03:21,687 - C:/Users/ivan.zhao/PycharmProjects/linux_atserver/linux_atserver.py[line:76] - INFO: receive data   ':DOC:CONFIG \r\n'
2022-07-12 12:03:43,634 - C:/Users/ivan.zhao/PycharmProjects/linux_atserver/linux_atserver.py[line:76] - INFO: receive data   ':RDSP:DISEQC_DATA\r\n'
2022-07-12 12:04:01,463 - C:/Users/ivan.zhao/PycharmProjects/linux_atserver/linux_atserver.py[line:76] - INFO: receive data   ':RDSP:DISEQC_DATA\r\n'
2022-07-12 12:05:16,375 - C:/Users/ivan.zhao/PycharmProjects/linux_atserver/linux_atserver.py[line:76] - INFO: receive data   ':RDSP:DISEQC_DATA\r\n'
2022-07-12 12:05:34,296 - C:/Users/ivan.zhao/PycharmProjects/linux_atserver/linux_atserver.py[line:76] - INFO: receive data   ':RDSP:DISEQC_DATA\r\n'
2022-07-12 12:06:49,142 - C:/Users/ivan.zhao/PycharmProjects/linux_atserver/linux_atserver.py[line:76] - INFO: receive data   ':RDSP:DISEQC_DATA\r\n'
2022-07-12 12:07:06,803 - C:/Users/ivan.zhao/PycharmProjects/linux_atserver/linux_atserver.py[line:76] - INFO: receive data   ':RDSP:DISEQC_DATA\r\n'
2022-07-12 12:08:21,730 - C:/Users/ivan.zhao/PycharmProjects/linux_atserver/linux_atserver.py[line:76] - INFO: receive data   ':RDSP:DISEQC_DATA\r\n'
2022-07-12 12:08:39,520 - C:/Users/ivan.zhao/PycharmProjects/linux_atserver/linux_atserver.py[line:76] - INFO: receive data   ':RDSP:DISEQC_DATA\r\n'
2022-07-12 12:16:01,766 - C:/Users/ivan.zhao/PycharmProjects/linux_atserver/linux_atserver.py[line:74] - INFO: ('192.168.1.41', 56567) connected
2022-07-12 12:16:02,963 - C:/Users/ivan.zhao/PycharmProjects/linux_atserver/linux_atserver.py[line:80] - INFO: receive data   ':RDSP:DISEQC_DATA\r\n'
